<?xml version="1.0" encoding="UTF-8"?>
<testsuite xmlns:xsi="http://www.w3.org/2001/XMLSchema-instance" xsi:noNamespaceSchemaLocation="https://maven.apache.org/surefire/maven-surefire-plugin/xsd/surefire-test-report-3.0.xsd" version="3.0" name="testrunners.SearchTest" time="0.566" tests="1" errors="0" skipped="0" failures="0">
  <properties>
[...]
</properties>
  <testcase name="Search a Product" classname="Amazon Search" time="0.1">
    <system-out><![CDATA[
Scenario: Search a Product                                                   &amp#27;[90m# src/test/java/features/Search.feature:22&amp#27;[0m
Step 1: I am on search page
  &amp#27;[32mGiven &amp#27;[0m&amp#27;[32mI have a search field on Amazon Page&amp#27;[0m                                 &amp#27;[90m# stepdefinitions.SearchSteps.i_have_a_search_field_on_amazon_page()&amp#27;[0m
Step 2: Search the product with name: Apple MacBook Pro price: 100000
  &amp#27;[32mWhen &amp#27;[0m&amp#27;[32mI search for a product with name &amp#27;[0m&amp#27;[32m&amp#27;[1m"Apple MacBook Pro"&amp#27;[0m&amp#27;[32m and price &amp#27;[0m&amp#27;[32m&amp#27;[1m100000&amp#27;[0m &amp#27;[90m# stepdefinitions.SearchSteps.i_search_for_a_product_with_name_and_price(java.lang.String,java.lang.Integer)&amp#27;[0m
Step 3: product Apple MacBook Pro is displayed
Searched Product is: Apple MacBook Pro
  &amp#27;[32mThen &amp#27;[0m&amp#27;[32mProduct with name &amp#27;[0m&amp#27;[32m&amp#27;[1m"Apple MacBook Pro"&amp#27;[0m&amp#27;[32m should be displayed&amp#27;[0m             &amp#27;[90m# stepdefinitions.SearchSteps.product_with_name_should_be_displayed(java.lang.String)&amp#27;[0m
]]></system-out>
  </testcase>
</testsuite>